0 info it worked if it ends with ok
1 verbose cli [ '/usr/local/bin/node', '/usr/local/bin/npm', 'install' ]
2 info using npm@1.4.28
3 info using node@v0.10.32
4 warn package.json ejemploMEAN@0.0.1 No repository field.
5 warn package.json ejemploMEAN@0.0.1 No README data
6 verbose readDependencies using package.json deps
7 verbose install where, deps [ '/var/www/html/MEAN_ejemplo',
7 verbose install   [ 'debug', 'express', 'jade', 'mongoose' ] ]
8 info preinstall ejemploMEAN@0.0.1
9 verbose readDependencies using package.json deps
10 verbose cache add [ 'debug@~2.2.0', null ]
11 verbose cache add name=undefined spec="debug@~2.2.0" args=["debug@~2.2.0",null]
12 verbose parsed url { protocol: null,
12 verbose parsed url   slashes: null,
12 verbose parsed url   auth: null,
12 verbose parsed url   host: null,
12 verbose parsed url   port: null,
12 verbose parsed url   hostname: null,
12 verbose parsed url   hash: null,
12 verbose parsed url   search: null,
12 verbose parsed url   query: null,
12 verbose parsed url   pathname: 'debug@~2.2.0',
12 verbose parsed url   path: 'debug@~2.2.0',
12 verbose parsed url   href: 'debug@~2.2.0' }
13 verbose cache add [ 'express@~3.4.4', null ]
14 verbose cache add name=undefined spec="express@~3.4.4" args=["express@~3.4.4",null]
15 verbose parsed url { protocol: null,
15 verbose parsed url   slashes: null,
15 verbose parsed url   auth: null,
15 verbose parsed url   host: null,
15 verbose parsed url   port: null,
15 verbose parsed url   hostname: null,
15 verbose parsed url   hash: null,
15 verbose parsed url   search: null,
15 verbose parsed url   query: null,
15 verbose parsed url   pathname: 'express@~3.4.4',
15 verbose parsed url   path: 'express@~3.4.4',
15 verbose parsed url   href: 'express@~3.4.4' }
16 verbose cache add [ 'jade@~1.11.0', null ]
17 verbose cache add name=undefined spec="jade@~1.11.0" args=["jade@~1.11.0",null]
18 verbose parsed url { protocol: null,
18 verbose parsed url   slashes: null,
18 verbose parsed url   auth: null,
18 verbose parsed url   host: null,
18 verbose parsed url   port: null,
18 verbose parsed url   hostname: null,
18 verbose parsed url   hash: null,
18 verbose parsed url   search: null,
18 verbose parsed url   query: null,
18 verbose parsed url   pathname: 'jade@~1.11.0',
18 verbose parsed url   path: 'jade@~1.11.0',
18 verbose parsed url   href: 'jade@~1.11.0' }
19 verbose cache add [ 'mongoose@~3.6.2', null ]
20 verbose cache add name=undefined spec="mongoose@~3.6.2" args=["mongoose@~3.6.2",null]
21 verbose parsed url { protocol: null,
21 verbose parsed url   slashes: null,
21 verbose parsed url   auth: null,
21 verbose parsed url   host: null,
21 verbose parsed url   port: null,
21 verbose parsed url   hostname: null,
21 verbose parsed url   hash: null,
21 verbose parsed url   search: null,
21 verbose parsed url   query: null,
21 verbose parsed url   pathname: 'mongoose@~3.6.2',
21 verbose parsed url   path: 'mongoose@~3.6.2',
21 verbose parsed url   href: 'mongoose@~3.6.2' }
22 verbose cache add name="debug" spec="~2.2.0" args=["debug","~2.2.0"]
23 verbose parsed url { protocol: null,
23 verbose parsed url   slashes: null,
23 verbose parsed url   auth: null,
23 verbose parsed url   host: null,
23 verbose parsed url   port: null,
23 verbose parsed url   hostname: null,
23 verbose parsed url   hash: null,
23 verbose parsed url   search: null,
23 verbose parsed url   query: null,
23 verbose parsed url   pathname: '~2.2.0',
23 verbose parsed url   path: '~2.2.0',
23 verbose parsed url   href: '~2.2.0' }
24 verbose addNamed [ 'debug', '~2.2.0' ]
25 verbose addNamed [ null, '>=2.2.0-0 <2.3.0-0' ]
26 verbose cache add name="express" spec="~3.4.4" args=["express","~3.4.4"]
27 verbose parsed url { protocol: null,
27 verbose parsed url   slashes: null,
27 verbose parsed url   auth: null,
27 verbose parsed url   host: null,
27 verbose parsed url   port: null,
27 verbose parsed url   hostname: null,
27 verbose parsed url   hash: null,
27 verbose parsed url   search: null,
27 verbose parsed url   query: null,
27 verbose parsed url   pathname: '~3.4.4',
27 verbose parsed url   path: '~3.4.4',
27 verbose parsed url   href: '~3.4.4' }
28 verbose addNamed [ 'express', '~3.4.4' ]
29 verbose addNamed [ null, '>=3.4.4-0 <3.5.0-0' ]
30 verbose cache add name="jade" spec="~1.11.0" args=["jade","~1.11.0"]
31 verbose parsed url { protocol: null,
31 verbose parsed url   slashes: null,
31 verbose parsed url   auth: null,
31 verbose parsed url   host: null,
31 verbose parsed url   port: null,
31 verbose parsed url   hostname: null,
31 verbose parsed url   hash: null,
31 verbose parsed url   search: null,
31 verbose parsed url   query: null,
31 verbose parsed url   pathname: '~1.11.0',
31 verbose parsed url   path: '~1.11.0',
31 verbose parsed url   href: '~1.11.0' }
32 verbose addNamed [ 'jade', '~1.11.0' ]
33 verbose addNamed [ null, '>=1.11.0-0 <1.12.0-0' ]
34 verbose cache add name="mongoose" spec="~3.6.2" args=["mongoose","~3.6.2"]
35 verbose parsed url { protocol: null,
35 verbose parsed url   slashes: null,
35 verbose parsed url   auth: null,
35 verbose parsed url   host: null,
35 verbose parsed url   port: null,
35 verbose parsed url   hostname: null,
35 verbose parsed url   hash: null,
35 verbose parsed url   search: null,
35 verbose parsed url   query: null,
35 verbose parsed url   pathname: '~3.6.2',
35 verbose parsed url   path: '~3.6.2',
35 verbose parsed url   href: '~3.6.2' }
36 verbose addNamed [ 'mongoose', '~3.6.2' ]
37 verbose addNamed [ null, '>=3.6.2-0 <3.7.0-0' ]
38 silly lockFile 7986b842-debug-2-2-0 debug@~2.2.0
39 verbose lock debug@~2.2.0 /home/diego/.npm/7986b842-debug-2-2-0.lock
40 silly lockFile c306bdaa-express-3-4-4 express@~3.4.4
41 verbose lock express@~3.4.4 /home/diego/.npm/c306bdaa-express-3-4-4.lock
42 silly lockFile 963bf43e-jade-1-11-0 jade@~1.11.0
43 verbose lock jade@~1.11.0 /home/diego/.npm/963bf43e-jade-1-11-0.lock
44 silly lockFile 96ad86c1-mongoose-3-6-2 mongoose@~3.6.2
45 verbose lock mongoose@~3.6.2 /home/diego/.npm/96ad86c1-mongoose-3-6-2.lock
46 silly addNameRange { name: 'debug', range: '>=2.2.0-0 <2.3.0-0', hasData: false }
47 silly addNameRange { name: 'express', range: '>=3.4.4-0 <3.5.0-0', hasData: false }
48 silly addNameRange { name: 'jade', range: '>=1.11.0-0 <1.12.0-0', hasData: false }
49 silly addNameRange { name: 'mongoose', range: '>=3.6.2-0 <3.7.0-0', hasData: false }
50 verbose request where is /mongoose
51 verbose request registry https://registry.npmjs.org/
52 verbose request id d239d22ab503d740
53 verbose url raw /mongoose
54 verbose url resolving [ 'https://registry.npmjs.org/', './mongoose' ]
55 verbose url resolved https://registry.npmjs.org/mongoose
56 verbose request where is https://registry.npmjs.org/mongoose
57 info trying registry request attempt 1 at 19:33:57
58 http GET https://registry.npmjs.org/mongoose
59 verbose request where is /debug
60 verbose request registry https://registry.npmjs.org/
61 verbose url raw /debug
62 verbose url resolving [ 'https://registry.npmjs.org/', './debug' ]
63 verbose url resolved https://registry.npmjs.org/debug
64 verbose request where is https://registry.npmjs.org/debug
65 info trying registry request attempt 1 at 19:33:57
66 verbose etag "9K1MWGO25MI6JV4O209795NK5"
67 http GET https://registry.npmjs.org/debug
68 verbose request where is /jade
69 verbose request registry https://registry.npmjs.org/
70 verbose url raw /jade
71 verbose url resolving [ 'https://registry.npmjs.org/', './jade' ]
72 verbose url resolved https://registry.npmjs.org/jade
73 verbose request where is https://registry.npmjs.org/jade
74 info trying registry request attempt 1 at 19:33:57
75 verbose etag "36CPZ51TJOM3JMWXG77IAU0EK"
76 http GET https://registry.npmjs.org/jade
77 verbose request where is /express
78 verbose request registry https://registry.npmjs.org/
79 verbose url raw /express
80 verbose url resolving [ 'https://registry.npmjs.org/', './express' ]
81 verbose url resolved https://registry.npmjs.org/express
82 verbose request where is https://registry.npmjs.org/express
83 info trying registry request attempt 1 at 19:33:57
84 verbose etag "6D8BA07VXQUUJFB65JQM6A94F"
85 http GET https://registry.npmjs.org/express
86 http 304 https://registry.npmjs.org/jade
87 silly registry.get cb [ 304,
87 silly registry.get   { date: 'Fri, 10 Jun 2016 22:33:58 GMT',
87 silly registry.get     via: '1.1 varnish',
87 silly registry.get     'cache-control': 'max-age=300',
87 silly registry.get     etag: '"36CPZ51TJOM3JMWXG77IAU0EK"',
87 silly registry.get     age: '208',
87 silly registry.get     connection: 'keep-alive',
87 silly registry.get     'x-served-by': 'cache-sjc3125-SJC',
87 silly registry.get     'x-cache': 'HIT',
87 silly registry.get     'x-cache-hits': '4',
87 silly registry.get     'x-timer': 'S1465598038.820575,VS0,VE0',
87 silly registry.get     vary: 'Accept-Encoding' } ]
88 verbose etag https://registry.npmjs.org/jade from cache
89 http 304 https://registry.npmjs.org/debug
90 silly registry.get cb [ 304,
90 silly registry.get   { date: 'Fri, 10 Jun 2016 22:33:58 GMT',
90 silly registry.get     via: '1.1 varnish',
90 silly registry.get     'cache-control': 'max-age=300',
90 silly registry.get     etag: '"9K1MWGO25MI6JV4O209795NK5"',
90 silly registry.get     age: '278',
90 silly registry.get     connection: 'keep-alive',
90 silly registry.get     'x-served-by': 'cache-sjc3126-SJC',
90 silly registry.get     'x-cache': 'HIT',
90 silly registry.get     'x-cache-hits': '34',
90 silly registry.get     'x-timer': 'S1465598038.825982,VS0,VE0',
90 silly registry.get     vary: 'Accept-Encoding' } ]
91 verbose etag https://registry.npmjs.org/debug from cache
92 silly addNameRange number 2 { name: 'debug', range: '>=2.2.0-0 <2.3.0-0', hasData: true }
93 silly addNameRange versions [ 'debug',
93 silly addNameRange   [ '0.0.1',
93 silly addNameRange     '0.1.0',
93 silly addNameRange     '0.2.0',
93 silly addNameRange     '0.3.0',
93 silly addNameRange     '0.4.0',
93 silly addNameRange     '0.4.1',
93 silly addNameRange     '0.5.0',
93 silly addNameRange     '0.6.0',
93 silly addNameRange     '0.7.0',
93 silly addNameRange     '0.7.1',
93 silly addNameRange     '0.7.2',
93 silly addNameRange     '0.7.3',
93 silly addNameRange     '0.7.4',
93 silly addNameRange     '0.8.0',
93 silly addNameRange     '0.8.1',
93 silly addNameRange     '1.0.0',
93 silly addNameRange     '1.0.1',
93 silly addNameRange     '1.0.2',
93 silly addNameRange     '1.0.3',
93 silly addNameRange     '1.0.4',
93 silly addNameRange     '2.0.0',
93 silly addNameRange     '2.1.0',
93 silly addNameRange     '2.1.1',
93 silly addNameRange     '2.1.2',
93 silly addNameRange     '2.1.3',
93 silly addNameRange     '2.2.0' ] ]
94 verbose addNamed [ 'debug', '2.2.0' ]
95 verbose addNamed [ '2.2.0', '2.2.0' ]
96 silly lockFile 82f99b48-debug-2-2-0 debug@2.2.0
97 verbose lock debug@2.2.0 /home/diego/.npm/82f99b48-debug-2-2-0.lock
98 silly addNameRange number 2 { name: 'jade', range: '>=1.11.0-0 <1.12.0-0', hasData: true }
99 silly addNameRange versions [ 'jade',
99 silly addNameRange   [ '0.0.1',
99 silly addNameRange     '0.0.2',
99 silly addNameRange     '0.1.0',
99 silly addNameRange     '0.2.0',
99 silly addNameRange     '0.2.1',
99 silly addNameRange     '0.2.2',
99 silly addNameRange     '0.2.3',
99 silly addNameRange     '0.2.4',
99 silly addNameRange     '0.3.0',
99 silly addNameRange     '0.4.0',
99 silly addNameRange     '0.4.1',
99 silly addNameRange     '0.5.0',
99 silly addNameRange     '0.5.1',
99 silly addNameRange     '0.5.2',
99 silly addNameRange     '0.5.3',
99 silly addNameRange     '0.5.4',
99 silly addNameRange     '0.5.5',
99 silly addNameRange     '0.5.6',
99 silly addNameRange     '0.5.7',
99 silly addNameRange     '0.6.0',
99 silly addNameRange     '0.6.1',
99 silly addNameRange     '0.6.3',
99 silly addNameRange     '0.7.0',
99 silly addNameRange     '0.7.1',
99 silly addNameRange     '0.8.0',
99 silly addNameRange     '0.8.1',
99 silly addNameRange     '0.8.2',
99 silly addNameRange     '0.8.3',
99 silly addNameRange     '0.8.4',
99 silly addNameRange     '0.8.5',
99 silly addNameRange     '0.8.6',
99 silly addNameRange     '0.8.7',
99 silly addNameRange     '0.8.8',
99 silly addNameRange     '0.8.9',
99 silly addNameRange     '0.9.0',
99 silly addNameRange     '0.9.1',
99 silly addNameRange     '0.9.2',
99 silly addNameRange     '0.9.3',
99 silly addNameRange     '0.10.0',
99 silly addNameRange     '0.10.1',
99 silly addNameRange     '0.10.2',
99 silly addNameRange     '0.10.3',
99 silly addNameRange     '0.10.4',
99 silly addNameRange     '0.10.5',
99 silly addNameRange     '0.10.6',
99 silly addNameRange     '0.10.7',
99 silly addNameRange     '0.11.0',
99 silly addNameRange     '0.11.1',
99 silly addNameRange     '0.12.0',
99 silly addNameRange     '0.12.1',
99 silly addNameRange     '0.12.2',
99 silly addNameRange     '0.12.3',
99 silly addNameRange     '0.12.4',
99 silly addNameRange     '0.13.0',
99 silly addNameRange     '0.14.0',
99 silly addNameRange     '0.14.1',
99 silly addNameRange     '0.14.2',
99 silly addNameRange     '0.15.0',
99 silly addNameRange     '0.15.1',
99 silly addNameRange     '0.15.2',
99 silly addNameRange     '0.15.3',
99 silly addNameRange     '0.15.4',
99 silly addNameRange     '0.16.0',
99 silly addNameRange     '0.16.1',
99 silly addNameRange     '0.16.2',
99 silly addNameRange     '0.16.3',
99 silly addNameRange     '0.16.4',
99 silly addNameRange     '0.17.0',
99 silly addNameRange     '0.18.0',
99 silly addNameRange     '0.19.0',
99 silly addNameRange     '0.20.0',
99 silly addNameRange     '0.20.1',
99 silly addNameRange     '0.20.2',
99 silly addNameRange     '0.20.3',
99 silly addNameRange     '0.21.0',
99 silly addNameRange     '0.22.0',
99 silly addNameRange     '0.22.1',
99 silly addNameRange     '0.23.0',
99 silly addNameRange     '0.24.0',
99 silly addNameRange     '0.25.0',
99 silly addNameRange     '0.26.0',
99 silly addNameRange     '0.26.1',
99 silly addNameRange     '0.26.2',
99 silly addNameRange     '0.26.3',
99 silly addNameRange     '0.27.0',
99 silly addNameRange     '0.27.1',
99 silly addNameRange     '0.27.2',
99 silly addNameRange     '0.27.3',
99 silly addNameRange     '0.27.4',
99 silly addNameRange     '0.27.5',
99 silly addNameRange     '0.27.6',
99 silly addNameRange     '0.27.7',
99 silly addNameRange     '0.28.0',
99 silly addNameRange     '0.28.1',
99 silly addNameRange     '0.28.2',
99 silly addNameRange     '0.29.0',
99 silly addNameRange     '0.30.0',
99 silly addNameRange     '0.31.0',
99 silly addNameRange     '0.31.1',
99 silly addNameRange     '0.31.2',
99 silly addNameRange     '0.32.0',
99 silly addNameRange     '0.33.0',
99 silly addNameRange     '0.34.0',
99 silly addNameRange     '0.34.1',
99 silly addNameRange     '0.35.0',
99 silly addNameRange     '1.0.0',
99 silly addNameRange     '1.0.1',
99 silly addNameRange     '1.0.2',
99 silly addNameRange     '1.1.0',
99 silly addNameRange     '1.1.1',
99 silly addNameRange     '1.1.2',
99 silly addNameRange     '1.1.3',
99 silly addNameRange     '1.1.4',
99 silly addNameRange     '1.1.5',
99 silly addNameRange     '1.2.0',
99 silly addNameRange     '1.3.0',
99 silly addNameRange     '1.3.1',
99 silly addNameRange     '1.4.0',
99 silly addNameRange     '1.4.1',
99 silly addNameRange     '1.4.2',
99 silly addNameRange     '1.5.0',
99 silly addNameRange     '1.6.0',
99 silly addNameRange     '1.7.0',
99 silly addNameRange     '1.8.0',
99 silly addNameRange     '1.8.1',
99 silly addNameRange     '1.8.2',
99 silly addNameRange     '1.9.0',
99 silly addNameRange     '1.9.1',
99 silly addNameRange     '1.9.2',
99 silly addNameRange     '1.10.0',
99 silly addNameRange     '1.11.0' ] ]
100 verbose addNamed [ 'jade', '1.11.0' ]
101 verbose addNamed [ '1.11.0', '1.11.0' ]
102 silly lockFile 3da033ff-jade-1-11-0 jade@1.11.0
103 verbose lock jade@1.11.0 /home/diego/.npm/3da033ff-jade-1-11-0.lock
104 warn deprecated jade@1.11.0: Jade has been renamed to pug, please install the latest version of pug instead of jade
105 silly lockFile 82f99b48-debug-2-2-0 debug@2.2.0
106 silly lockFile 82f99b48-debug-2-2-0 debug@2.2.0
107 silly lockFile 7986b842-debug-2-2-0 debug@~2.2.0
108 silly lockFile 7986b842-debug-2-2-0 debug@~2.2.0
109 silly lockFile 3da033ff-jade-1-11-0 jade@1.11.0
110 silly lockFile 3da033ff-jade-1-11-0 jade@1.11.0
111 silly lockFile 963bf43e-jade-1-11-0 jade@~1.11.0
112 silly lockFile 963bf43e-jade-1-11-0 jade@~1.11.0
113 http 304 https://registry.npmjs.org/express
114 silly registry.get cb [ 304,
114 silly registry.get   { date: 'Fri, 10 Jun 2016 22:33:58 GMT',
114 silly registry.get     via: '1.1 varnish',
114 silly registry.get     'cache-control': 'max-age=300',
114 silly registry.get     etag: '"6D8BA07VXQUUJFB65JQM6A94F"',
114 silly registry.get     age: '22',
114 silly registry.get     connection: 'keep-alive',
114 silly registry.get     'x-served-by': 'cache-sjc3127-SJC',
114 silly registry.get     'x-cache': 'HIT',
114 silly registry.get     'x-cache-hits': '2',
114 silly registry.get     'x-timer': 'S1465598038.942113,VS0,VE0',
114 silly registry.get     vary: 'Accept-Encoding' } ]
115 verbose etag https://registry.npmjs.org/express from cache
116 silly addNameRange number 2 { name: 'express', range: '>=3.4.4-0 <3.5.0-0', hasData: true }
117 silly addNameRange versions [ 'express',
117 silly addNameRange   [ '0.14.0',
117 silly addNameRange     '0.14.1',
117 silly addNameRange     '1.0.0',
117 silly addNameRange     '1.0.1',
117 silly addNameRange     '1.0.2',
117 silly addNameRange     '1.0.3',
117 silly addNameRange     '1.0.4',
117 silly addNameRange     '1.0.5',
117 silly addNameRange     '1.0.6',
117 silly addNameRange     '1.0.7',
117 silly addNameRange     '1.0.8',
117 silly addNameRange     '2.0.0',
117 silly addNameRange     '2.1.0',
117 silly addNameRange     '2.1.1',
117 silly addNameRange     '2.2.0',
117 silly addNameRange     '2.2.1',
117 silly addNameRange     '2.2.2',
117 silly addNameRange     '2.3.0',
117 silly addNameRange     '2.3.1',
117 silly addNameRange     '2.3.2',
117 silly addNameRange     '2.3.3',
117 silly addNameRange     '2.3.4',
117 silly addNameRange     '2.3.5',
117 silly addNameRange     '2.3.6',
117 silly addNameRange     '2.3.7',
117 silly addNameRange     '2.3.8',
117 silly addNameRange     '2.3.9',
117 silly addNameRange     '2.3.10',
117 silly addNameRange     '2.3.11',
117 silly addNameRange     '2.3.12',
117 silly addNameRange     '2.4.0',
117 silly addNameRange     '2.4.1',
117 silly addNameRange     '2.4.2',
117 silly addNameRange     '2.4.3',
117 silly addNameRange     '2.4.4',
117 silly addNameRange     '2.4.5',
117 silly addNameRange     '2.4.6',
117 silly addNameRange     '2.4.7',
117 silly addNameRange     '2.5.0',
117 silly addNameRange     '2.5.1',
117 silly addNameRange     '2.5.2',
117 silly addNameRange     '2.5.3',
117 silly addNameRange     '2.5.4',
117 silly addNameRange     '2.5.5',
117 silly addNameRange     '2.5.6',
117 silly addNameRange     '2.5.7',
117 silly addNameRange     '2.5.8',
117 silly addNameRange     '2.5.9',
117 silly addNameRange     '2.5.10',
117 silly addNameRange     '2.5.11',
117 silly addNameRange     '3.0.0',
117 silly addNameRange     '3.0.1',
117 silly addNameRange     '3.0.2',
117 silly addNameRange     '3.0.3',
117 silly addNameRange     '3.0.4',
117 silly addNameRange     '3.0.5',
117 silly addNameRange     '3.0.6',
117 silly addNameRange     '3.1.0',
117 silly addNameRange     '3.1.1',
117 silly addNameRange     '3.1.2',
117 silly addNameRange     '3.2.0',
117 silly addNameRange     '3.2.1',
117 silly addNameRange     '3.2.2',
117 silly addNameRange     '3.2.3',
117 silly addNameRange     '3.2.4',
117 silly addNameRange     '3.2.5',
117 silly addNameRange     '3.2.6',
117 silly addNameRange     '3.3.0',
117 silly addNameRange     '3.3.1',
117 silly addNameRange     '3.3.2',
117 silly addNameRange     '3.3.3',
117 silly addNameRange     '3.3.4',
117 silly addNameRange     '3.3.5',
117 silly addNameRange     '3.3.6',
117 silly addNameRange     '1.0.0-beta',
117 silly addNameRange     '1.0.0-beta2',
117 silly addNameRange     '1.0.0-rc',
117 silly addNameRange     '1.0.0-rc2',
117 silly addNameRange     '1.0.0-rc3',
117 silly addNameRange     '1.0.0-rc4',
117 silly addNameRange     '2.0.0-beta',
117 silly addNameRange     '2.0.0-beta2',
117 silly addNameRange     '2.0.0-beta3',
117 silly addNameRange     '2.0.0-rc',
117 silly addNameRange     '2.0.0-rc2',
117 silly addNameRange     '2.0.0-rc3',
117 silly addNameRange     '3.0.0-alpha1',
117 silly addNameRange     '3.0.0-alpha2',
117 silly addNameRange     '3.0.0-alpha3',
117 silly addNameRange     '3.0.0-alpha4',
117 silly addNameRange     '3.0.0-alpha5',
117 silly addNameRange     '3.0.0-beta1',
117 silly addNameRange     '3.0.0-beta2',
117 silly addNameRange     '3.0.0-beta3',
117 silly addNameRange     '3.0.0-beta4',
117 silly addNameRange     '3.0.0-beta6',
117 silly addNameRange     '3.0.0-beta7',
117 silly addNameRange     '3.0.0-rc1',
117 silly addNameRange     '3.0.0-rc2',
117 silly addNameRange     '3.0.0-rc3',
117 silly addNameRange     '3.0.0-rc4',
117 silly addNameRange     '3.0.0-rc5',
117 silly addNameRange     '3.3.7',
117 silly addNameRange     '3.3.8',
117 silly addNameRange     '3.4.0',
117 silly addNameRange     '3.4.1',
117 silly addNameRange     '3.4.2',
117 silly addNameRange     '3.4.3',
117 silly addNameRange     '3.4.4',
117 silly addNameRange     '3.4.5',
117 silly addNameRange     '3.4.6',
117 silly addNameRange     '3.4.7',
117 silly addNameRange     '3.4.8',
117 silly addNameRange     '4.0.0-rc1',
117 silly addNameRange     '4.0.0-rc2',
117 silly addNameRange     '3.5.0',
117 silly addNameRange     '4.0.0-rc3',
117 silly addNameRange     '4.0.0-rc4',
117 silly addNameRange     '3.5.1',
117 silly addNameRange     '4.0.0',
117 silly addNameRange     '3.5.2',
117 silly addNameRange     '4.1.0',
117 silly addNameRange     '4.1.1',
117 silly addNameRange     '3.5.3',
117 silly addNameRange     '4.1.2',
117 silly addNameRange     '3.6.0',
117 silly addNameRange     '4.2.0',
117 silly addNameRange     '3.7.0',
117 silly addNameRange     '3.8.0',
117 silly addNameRange     '4.3.0',
117 silly addNameRange     '4.3.1',
117 silly addNameRange     '3.8.1',
117 silly addNameRange     '4.3.2',
117 silly addNameRange     '3.9.0',
117 silly addNameRange     '4.4.0',
117 silly addNameRange     '4.4.1',
117 silly addNameRange     '3.10.0',
117 silly addNameRange     '3.10.1',
117 silly addNameRange     '3.10.2',
117 silly addNameRange     '3.10.3',
117 silly addNameRange     '3.10.4',
117 silly addNameRange     '4.4.2',
117 silly addNameRange     '3.10.5',
117 silly addNameRange     '4.4.3',
117 silly addNameRange     '3.11.0',
117 silly addNameRange     '4.4.4',
117 silly addNameRange     '3.12.0',
117 silly addNameRange     '3.12.1',
117 silly addNameRange     '4.4.5',
117 silly addNameRange     '3.13.0',
117 silly addNameRange     '4.5.0',
117 silly addNameRange     '4.5.1',
117 silly addNameRange     '3.14.0',
117 silly addNameRange     '4.6.0',
117 silly addNameRange     '4.6.1',
117 silly addNameRange     '3.15.0',
117 silly addNameRange     '4.7.0',
117 silly addNameRange     '3.15.1',
117 silly addNameRange     '4.7.1',
117 silly addNameRange     '3.15.2',
117 silly addNameRange     '4.7.2',
117 silly addNameRange     '4.7.3',
117 silly addNameRange     '3.15.3',
117 silly addNameRange     '4.7.4',
117 silly addNameRange     '3.16.0',
117 silly addNameRange     '4.8.0',
117 silly addNameRange     '3.16.1',
117 silly addNameRange     '4.8.1',
117 silly addNameRange     '3.16.2',
117 silly addNameRange     '4.8.2',
117 silly addNameRange     '3.16.3',
117 silly addNameRange     '3.16.4',
117 silly addNameRange     '4.8.3',
117 silly addNameRange     '3.16.5',
117 silly addNameRange     '3.16.6',
117 silly addNameRange     '4.8.4',
117 silly addNameRange     '3.16.7',
117 silly addNameRange     '4.8.5',
117 silly addNameRange     '3.16.8',
117 silly addNameRange     '4.8.6',
117 silly addNameRange     '3.16.9',
117 silly addNameRange     '4.8.7',
117 silly addNameRange     '3.16.10',
117 silly addNameRange     '4.8.8',
117 silly addNameRange     '3.17.0',
117 silly addNameRange     '3.17.1',
117 silly addNameRange     '4.9.0',
117 silly addNameRange     '3.17.2',
117 silly addNameRange     '4.9.1',
117 silly addNameRange     '4.9.2',
117 silly addNameRange     '3.17.3',
117 silly addNameRange     '4.9.3',
117 silly addNameRange     '3.17.4',
117 silly addNameRange     '4.9.4',
117 silly addNameRange     '3.17.5',
117 silly addNameRange     '4.9.5',
117 silly addNameRange     '3.17.6',
117 silly addNameRange     '3.17.7',
117 silly addNameRange     '4.9.6',
117 silly addNameRange     '4.9.7',
117 silly addNameRange     '3.17.8',
117 silly addNameRange     '4.9.8',
117 silly addNameRange     '3.18.0',
117 silly addNameRange     '3.18.1',
117 silly addNameRange     '4.10.0',
117 silly addNameRange     '3.18.2',
117 silly addNameRange     '4.10.1',
117 silly addNameRange     '5.0.0-alpha.1',
117 silly addNameRange     '3.18.3',
117 silly addNameRange     '4.10.2',
117 silly addNameRange     '3.18.4',
117 silly addNameRange     '4.10.3',
117 silly addNameRange     '4.10.4',
117 silly addNameRange     '4.10.5',
117 silly addNameRange     '3.18.5',
117 silly addNameRange     '3.18.6',
117 silly addNameRange     '4.10.6',
117 silly addNameRange     '4.10.7',
117 silly addNameRange     '3.19.0',
117 silly addNameRange     '4.10.8',
117 silly addNameRange     '4.11.0',
117 silly addNameRange     '3.19.1',
117 silly addNameRange     '4.11.1',
117 silly addNameRange     '3.19.2',
117 silly addNameRange     '4.11.2',
117 silly addNameRange     '3.20.0',
117 silly addNameRange     '4.12.0',
117 silly addNameRange     '3.20.1',
117 silly addNameRange     '4.12.1',
117 silly addNameRange     '4.12.2',
117 silly addNameRange     '3.20.2',
117 silly addNameRange     '4.12.3',
117 silly addNameRange     '3.20.3',
117 silly addNameRange     '4.12.4',
117 silly addNameRange     '3.21.0',
117 silly addNameRange     '4.13.0',
117 silly addNameRange     '3.21.1',
117 silly addNameRange     '4.13.1',
117 silly addNameRange     '5.0.0-alpha.2',
117 silly addNameRange     '3.21.2',
117 silly addNameRange     '4.13.2',
117 silly addNameRange     '4.13.3',
117 silly addNameRange     '4.13.4' ] ]
118 verbose addNamed [ 'express', '3.4.8' ]
119 verbose addNamed [ '3.4.8', '3.4.8' ]
120 silly lockFile 15cb8528-express-3-4-8 express@3.4.8
121 verbose lock express@3.4.8 /home/diego/.npm/15cb8528-express-3-4-8.lock
122 silly lockFile 72227381-js-org-express-express-3-4-8-tgz https://registry.npmjs.org/express/-/express-3.4.8.tgz
123 verbose lock https://registry.npmjs.org/express/-/express-3.4.8.tgz /home/diego/.npm/72227381-js-org-express-express-3-4-8-tgz.lock
124 verbose addRemoteTarball [ 'https://registry.npmjs.org/express/-/express-3.4.8.tgz',
124 verbose addRemoteTarball   'aa7a8986de07053337f4bc5ed9a6453d9cc8e2e1' ]
125 info retry fetch attempt 1 at 19:33:59
126 verbose fetch to= /tmp/npm-5324-_gRtbPe8/registry.npmjs.org/express/-/express-3.4.8.tgz
127 http GET https://registry.npmjs.org/express/-/express-3.4.8.tgz
128 http 200 https://registry.npmjs.org/mongoose
129 silly registry.get cb [ 200,
129 silly registry.get   { server: 'CouchDB/1.5.0 (Erlang OTP/R16B03)',
129 silly registry.get     etag: '"86SU4EYF7YLYYGUPZ02JG5F9P"',
129 silly registry.get     'content-type': 'application/json',
129 silly registry.get     'content-encoding': 'gzip',
129 silly registry.get     'cache-control': 'max-age=300',
129 silly registry.get     'content-length': '50078',
129 silly registry.get     'accept-ranges': 'bytes',
129 silly registry.get     date: 'Fri, 10 Jun 2016 22:33:58 GMT',
129 silly registry.get     via: '1.1 varnish',
129 silly registry.get     age: '53',
129 silly registry.get     connection: 'keep-alive',
129 silly registry.get     'x-served-by': 'cache-sjc3130-SJC',
129 silly registry.get     'x-cache': 'HIT',
129 silly registry.get     'x-cache-hits': '1',
129 silly registry.get     'x-timer': 'S1465598038.813354,VS0,VE0',
129 silly registry.get     vary: 'Accept-Encoding' } ]
130 silly addNameRange number 2 { name: 'mongoose', range: '>=3.6.2-0 <3.7.0-0', hasData: true }
131 silly addNameRange versions [ 'mongoose',
131 silly addNameRange   [ '0.0.1',
131 silly addNameRange     '0.0.2',
131 silly addNameRange     '0.0.3',
131 silly addNameRange     '0.0.4',
131 silly addNameRange     '0.0.5',
131 silly addNameRange     '1.0.0',
131 silly addNameRange     '1.0.1',
131 silly addNameRange     '1.0.2',
131 silly addNameRange     '0.0.6',
131 silly addNameRange     '1.0.3',
131 silly addNameRange     '1.0.4',
131 silly addNameRange     '1.0.5',
131 silly addNameRange     '1.0.6',
131 silly addNameRange     '1.0.7',
131 silly addNameRange     '1.0.8',
131 silly addNameRange     '1.0.10',
131 silly addNameRange     '1.0.11',
131 silly addNameRange     '1.0.12',
131 silly addNameRange     '1.0.13',
131 silly addNameRange     '1.0.14',
131 silly addNameRange     '1.0.15',
131 silly addNameRange     '1.0.16',
131 silly addNameRange     '1.1.0',
131 silly addNameRange     '1.1.1',
131 silly addNameRange     '1.1.2',
131 silly addNameRange     '1.1.3',
131 silly addNameRange     '1.1.4',
131 silly addNameRange     '1.1.5',
131 silly addNameRange     '1.1.6',
131 silly addNameRange     '1.1.7',
131 silly addNameRange     '1.1.8',
131 silly addNameRange     '1.1.9',
131 silly addNameRange     '1.1.10',
131 silly addNameRange     '1.1.11',
131 silly addNameRange     '1.1.12',
131 silly addNameRange     '1.1.13',
131 silly addNameRange     '1.1.14',
131 silly addNameRange     '1.1.15',
131 silly addNameRange     '1.1.16',
131 silly addNameRange     '1.1.17',
131 silly addNameRange     '1.1.18',
131 silly addNameRange     '1.1.19',
131 silly addNameRange     '1.1.20',
131 silly addNameRange     '1.1.21',
131 silly addNameRange     '1.1.22',
131 silly addNameRange     '1.1.23',
131 silly addNameRange     '1.1.24',
131 silly addNameRange     '1.1.25',
131 silly addNameRange     '1.2.0',
131 silly addNameRange     '1.3.0',
131 silly addNameRange     '1.3.1',
131 silly addNameRange     '1.3.2',
131 silly addNameRange     '1.3.3',
131 silly addNameRange     '1.3.4',
131 silly addNameRange     '1.3.5',
131 silly addNameRange     '1.3.6',
131 silly addNameRange     '1.3.7',
131 silly addNameRange     '1.4.0',
131 silly addNameRange     '1.5.0',
131 silly addNameRange     '1.6.0',
131 silly addNameRange     '1.7.2',
131 silly addNameRange     '1.7.3',
131 silly addNameRange     '1.7.4',
131 silly addNameRange     '1.8.0',
131 silly addNameRange     '1.8.1',
131 silly addNameRange     '1.8.2',
131 silly addNameRange     '1.8.3',
131 silly addNameRange     '1.8.4',
131 silly addNameRange     '2.0.0',
131 silly addNameRange     '2.0.1',
131 silly addNameRange     '2.0.2',
131 silly addNameRange     '2.0.3',
131 silly addNameRange     '2.0.4',
131 silly addNameRange     '2.1.0',
131 silly addNameRange     '2.1.1',
131 silly addNameRange     '2.1.2',
131 silly addNameRange     '2.1.3',
131 silly addNameRange     '2.1.4',
131 silly addNameRange     '2.2.0',
131 silly addNameRange     '2.2.1',
131 silly addNameRange     '2.2.2',
131 silly addNameRange     '2.2.3',
131 silly addNameRange     '2.2.4',
131 silly addNameRange     '2.3.0',
131 silly addNameRange     '2.3.1',
131 silly addNameRange     '2.3.2',
131 silly addNameRange     '2.3.3',
131 silly addNameRange     '2.3.4',
131 silly addNameRange     '2.3.5',
131 silly addNameRange     '2.3.6',
131 silly addNameRange     '2.3.7',
131 silly addNameRange     '2.3.8',
131 silly addNameRange     '2.3.9',
131 silly addNameRange     '2.3.10',
131 silly addNameRange     '2.3.11',
131 silly addNameRange     '2.3.12',
131 silly addNameRange     '2.3.13',
131 silly addNameRange     '2.4.0',
131 silly addNameRange     '2.4.1',
131 silly addNameRange     '2.4.2',
131 silly addNameRange     '2.4.3',
131 silly addNameRange     '2.4.4',
131 silly addNameRange     '2.4.5',
131 silly addNameRange     '2.4.6',
131 silly addNameRange     '2.4.7',
131 silly addNameRange     '2.4.8',
131 silly addNameRange     '2.4.9',
131 silly addNameRange     '2.4.10',
131 silly addNameRange     '2.5.0',
131 silly addNameRange     '2.5.1',
131 silly addNameRange     '2.5.2',
131 silly addNameRange     '2.5.3',
131 silly addNameRange     '2.5.4',
131 silly addNameRange     '2.5.5',
131 silly addNameRange     '2.5.6',
131 silly addNameRange     '2.5.7',
131 silly addNameRange     '2.5.8',
131 silly addNameRange     '2.5.9',
131 silly addNameRange     '2.5.10',
131 silly addNameRange     '2.5.11',
131 silly addNameRange     '2.5.12',
131 silly addNameRange     '2.5.13',
131 silly addNameRange     '2.5.14',
131 silly addNameRange     '2.6.0',
131 silly addNameRange     '2.6.1',
131 silly addNameRange     '2.6.2',
131 silly addNameRange     '2.6.3',
131 silly addNameRange     '2.6.4',
131 silly addNameRange     '2.6.5',
131 silly addNameRange     '2.6.6',
131 silly addNameRange     '2.6.7',
131 silly addNameRange     '2.6.8',
131 silly addNameRange     '2.7.0',
131 silly addNameRange     '2.7.1',
131 silly addNameRange     '2.7.2',
131 silly addNameRange     '2.7.4',
131 silly addNameRange     '2.7.3',
131 silly addNameRange     '3.0.0',
131 silly addNameRange     '3.0.1',
131 silly addNameRange     '3.0.2',
131 silly addNameRange     '2.8.0',
131 silly addNameRange     '3.0.3',
131 silly addNameRange     '3.1.0',
131 silly addNameRange     '2.8.1',
131 silly addNameRange     '3.1.1',
131 silly addNameRange     '2.8.2',
131 silly addNameRange     '2.8.3',
131 silly addNameRange     '2.9.0',
131 silly addNameRange     '3.2.0',
131 silly addNameRange     '2.9.1',
131 silly addNameRange     '3.2.1',
131 silly addNameRange     '2.9.2',
131 silly addNameRange     '3.2.2',
131 silly addNameRange     '3.3.0',
131 silly addNameRange     '3.3.1',
131 silly addNameRange     '2.9.3',
131 silly addNameRange     '3.4.0',
131 silly addNameRange     '2.9.4',
131 silly addNameRange     '2.9.5',
131 silly addNameRange     '3.5.0',
131 silly addNameRange     '3.5.1',
131 silly addNameRange     '3.5.2',
131 silly addNameRange     '3.5.3',
131 silly addNameRange     '2.9.6',
131 silly addNameRange     '2.9.7',
131 silly addNameRange     '3.5.4',
131 silly addNameRange     '3.5.5',
131 silly addNameRange     '2.9.8',
131 silly addNameRange     '2.9.9',
131 silly addNameRange     '3.5.6',
131 silly addNameRange     '3.5.7',
131 silly addNameRange     '3.5.8',
131 silly addNameRange     '2.9.10',
131 silly addNameRange     '3.5.9',
131 silly addNameRange     '3.6.2',
131 silly addNameRange     '3.5.10',
131 silly addNameRange     '3.6.3',
131 silly addNameRange     '3.5.11',
131 silly addNameRange     '3.6.4',
131 silly addNameRange     '3.6.5',
131 silly addNameRange     '3.6.6',
131 silly addNameRange     '3.6.7',
131 silly addNameRange     '3.5.12',
131 silly addNameRange     '3.6.8',
131 silly addNameRange     '3.6.9',
131 silly addNameRange     '3.6.10',
131 silly addNameRange     '3.5.13',
131 silly addNameRange     '3.5.14',
131 silly addNameRange     '3.6.11',
131 silly addNameRange     '3.6.12',
131 silly addNameRange     '3.6.13',
131 silly addNameRange     '3.6.14',
131 silly addNameRange     '3.6.15',
131 silly addNameRange     '3.5.15',
131 silly addNameRange     '3.7.0',
131 silly addNameRange     '3.6.16',
131 silly addNameRange     '3.5.16',
131 silly addNameRange     '3.6.17',
131 silly addNameRange     '3.7.2',
131 silly addNameRange     '3.0.0-alpha1',
131 silly addNameRange     '3.0.0-alpha2',
131 silly addNameRange     '3.0.0-rc0',
131 silly addNameRange     '3.6.0-rc0',
131 silly addNameRange     '3.6.0-rc1',
131 silly addNameRange     '3.6.18',
131 silly addNameRange     '3.7.3',
131 silly addNameRange     '3.6.19',
131 silly addNameRange     '3.6.20',
131 silly addNameRange     '3.7.4',
131 silly addNameRange     '3.8.0',
131 silly addNameRange     '3.8.1',
131 silly addNameRange     '3.8.2',
131 silly addNameRange     '3.8.3',
131 silly addNameRange     '3.8.4',
131 silly addNameRange     '3.8.5',
131 silly addNameRange     '3.8.6',
131 silly addNameRange     '3.8.7',
131 silly addNameRange     '3.8.8',
131 silly addNameRange     '3.8.9',
131 silly addNameRange     '3.8.10',
131 silly addNameRange     '3.8.11',
131 silly addNameRange     '3.9.0',
131 silly addNameRange     '3.8.12',
131 silly addNameRange     '3.8.13',
131 silly addNameRange     '3.8.14',
131 silly addNameRange     '3.8.15',
131 silly addNameRange     '3.9.1',
131 silly addNameRange     '3.8.16',
131 silly addNameRange     '3.9.2',
131 silly addNameRange     '3.8.17',
131 silly addNameRange     '3.9.3',
131 silly addNameRange     '3.8.18',
131 silly addNameRange     '3.9.4',
131 silly addNameRange     '3.8.19',
131 silly addNameRange     '3.9.5',
131 silly addNameRange     '3.8.20',
131 silly addNameRange     '3.9.6',
131 silly addNameRange     '3.8.21',
131 silly addNameRange     '3.9.7',
131 silly addNameRange     '3.8.22',
131 silly addNameRange     '4.0.0-rc0',
131 silly addNameRange     '4.0.0-rc1',
131 silly addNameRange     '3.8.23',
131 silly addNameRange     '4.0.0-rc2',
131 silly addNameRange     '3.8.24',
131 silly addNameRange     '4.0.0-rc3',
131 silly addNameRange     '3.8.25',
131 silly addNameRange     '4.0.0-rc4',
131 silly addNameRange     '4.0.0',
131 silly addNameRange     '4.0.1',
131 silly addNameRange     '3.8.26',
131 silly addNameRange     '3.8.27',
131 silly addNameRange     '4.0.2',
131 silly addNameRange     '3.8.28',
131 silly addNameRange     '4.0.3',
131 silly addNameRange     '3.8.29',
131 silly addNameRange     '4.0.4',
131 silly addNameRange     '3.8.30',
131 silly addNameRange     '4.0.5',
131 silly addNameRange     '3.8.31',
131 silly addNameRange     '4.0.6',
131 silly addNameRange     '3.8.33',
131 silly addNameRange     '4.0.7',
131 silly addNameRange     '3.8.34',
131 silly addNameRange     '4.0.8',
131 silly addNameRange     '4.1.0',
131 silly addNameRange     '4.1.1',
131 silly addNameRange     '4.1.2',
131 silly addNameRange     '3.8.35',
131 silly addNameRange     '4.1.3',
131 silly addNameRange     '4.1.5',
131 silly addNameRange     '4.1.6',
131 silly addNameRange     '4.1.7',
131 silly addNameRange     '4.1.8',
131 silly addNameRange     '4.1.9',
131 silly addNameRange     '4.1.10',
131 silly addNameRange     '4.1.11',
131 silly addNameRange     '3.8.36',
131 silly addNameRange     '4.1.12',
131 silly addNameRange     '4.2.0',
131 silly addNameRange     '4.2.1',
131 silly addNameRange     '4.2.2',
131 silly addNameRange     '4.2.3',
131 silly addNameRange     '4.2.4',
131 silly addNameRange     '4.2.5',
131 silly addNameRange     '3.8.37',
131 silly addNameRange     '4.2.6',
131 silly addNameRange     '4.2.7',
131 silly addNameRange     '4.2.8',
131 silly addNameRange     '4.2.9',
131 silly addNameRange     '4.2.10',
131 silly addNameRange     '4.3.0',
131 silly addNameRange     '4.3.1',
131 silly addNameRange     '4.3.2',
131 silly addNameRange     '4.3.3',
131 silly addNameRange     '4.3.4',
131 silly addNameRange     '3.8.38',
131 silly addNameRange     '4.3.5',
131 silly addNameRange     '4.3.6',
131 silly addNameRange     '3.8.39',
131 silly addNameRange     '4.3.7',
131 silly addNameRange     '4.4.0',
131 silly addNameRange     '4.4.1',
131 silly addNameRange     '4.4.2',
131 silly addNameRange     '4.4.3',
131 silly addNameRange     '4.4.4',
131 silly addNameRange     '4.4.5',
131 silly addNameRange     '4.4.6',
131 silly addNameRange     '4.4.7',
131 silly addNameRange     '4.4.8',
131 silly addNameRange     '4.4.9',
131 silly addNameRange     '4.4.10',
131 silly addNameRange     '4.4.11',
131 silly addNameRange     '4.4.12',
131 silly addNameRange     '4.4.13',
131 silly addNameRange     '3.8.40',
131 silly addNameRange     '4.4.14',
131 silly addNameRange     '4.4.15',
131 silly addNameRange     '4.4.16',
131 silly addNameRange     '4.4.17',
131 silly addNameRange     '4.4.18',
131 silly addNameRange     '4.4.19',
131 silly addNameRange     '4.4.20' ] ]
132 verbose addNamed [ 'mongoose', '3.6.20' ]
133 verbose addNamed [ '3.6.20', '3.6.20' ]
134 silly lockFile 9e27220e-mongoose-3-6-20 mongoose@3.6.20
135 verbose lock mongoose@3.6.20 /home/diego/.npm/9e27220e-mongoose-3-6-20.lock
136 silly lockFile 8045d0d6-org-mongoose-mongoose-3-6-20-tgz https://registry.npmjs.org/mongoose/-/mongoose-3.6.20.tgz
137 verbose lock https://registry.npmjs.org/mongoose/-/mongoose-3.6.20.tgz /home/diego/.npm/8045d0d6-org-mongoose-mongoose-3-6-20-tgz.lock
138 verbose addRemoteTarball [ 'https://registry.npmjs.org/mongoose/-/mongoose-3.6.20.tgz',
138 verbose addRemoteTarball   '47263843e6b812ea207eec104c40a36c8d215f53' ]
139 info retry fetch attempt 1 at 19:33:59
140 verbose fetch to= /tmp/npm-5324-_gRtbPe8/registry.npmjs.org/mongoose/-/mongoose-3.6.20.tgz
141 http GET https://registry.npmjs.org/mongoose/-/mongoose-3.6.20.tgz
142 http 200 https://registry.npmjs.org/express/-/express-3.4.8.tgz
143 silly lockFile 72227381-js-org-express-express-3-4-8-tgz https://registry.npmjs.org/express/-/express-3.4.8.tgz
144 silly lockFile 72227381-js-org-express-express-3-4-8-tgz https://registry.npmjs.org/express/-/express-3.4.8.tgz
145 silly lockFile 15cb8528-express-3-4-8 express@3.4.8
146 silly lockFile 15cb8528-express-3-4-8 express@3.4.8
147 silly lockFile c306bdaa-express-3-4-4 express@~3.4.4
148 silly lockFile c306bdaa-express-3-4-4 express@~3.4.4
149 http 200 https://registry.npmjs.org/mongoose/-/mongoose-3.6.20.tgz
150 silly lockFile 8045d0d6-org-mongoose-mongoose-3-6-20-tgz https://registry.npmjs.org/mongoose/-/mongoose-3.6.20.tgz
151 silly lockFile 8045d0d6-org-mongoose-mongoose-3-6-20-tgz https://registry.npmjs.org/mongoose/-/mongoose-3.6.20.tgz
152 silly lockFile 9e27220e-mongoose-3-6-20 mongoose@3.6.20
153 silly lockFile 9e27220e-mongoose-3-6-20 mongoose@3.6.20
154 silly lockFile 96ad86c1-mongoose-3-6-2 mongoose@~3.6.2
155 silly lockFile 96ad86c1-mongoose-3-6-2 mongoose@~3.6.2
156 error Error: EACCES, mkdir '/home/diego/.npm/express/3.4.8'
156 error  { [Error: EACCES, mkdir '/home/diego/.npm/express/3.4.8']
156 error   errno: 3,
156 error   code: 'EACCES',
156 error   path: '/home/diego/.npm/express/3.4.8',
156 error   parent: 'ejemploMEAN' }
157 error Please try running this command again as root/Administrator.
158 error System Linux 3.13.0-71-generic
159 error command "/usr/local/bin/node" "/usr/local/bin/npm" "install"
160 error cwd /var/www/html/MEAN_ejemplo
161 error node -v v0.10.32
162 error npm -v 1.4.28
163 error path /home/diego/.npm/express/3.4.8
164 error code EACCES
165 error errno 3
166 error stack Error: EACCES, mkdir '/home/diego/.npm/express/3.4.8'
167 verbose exit [ 3, true ]
